<?xml version="1.0" encoding="UTF-8"?>
<robot generator="Robot 4.1.2 (Python 3.10.0 on win32)" generated="20211117 17:02:30.354" rpa="false" schemaversion="2">
<suite id="s1" name="Demo" source="C:\Users\l\PycharmProjects\RobotFrameworkTraining\test\Demo.robot">
<test id="s1-t1" name="TC1">
<kw name="Log To Console" library="BuiltIn">
<arg>Hello</arg>
<doc>Logs the given message to the console.</doc>
<status status="PASS" starttime="20211117 17:02:30.432" endtime="20211117 17:02:30.433"/>
</kw>
<tag>Positive</tag>
<status status="PASS" starttime="20211117 17:02:30.430" endtime="20211117 17:02:30.434"/>
</test>
<status status="PASS" starttime="20211117 17:02:30.359" endtime="20211117 17:02:30.435"/>
</suite>
<statistics>
<total>
<stat pass="1" fail="0" skip="0">All Tests</stat>
</total>
<tag>
<stat pass="1" fail="0" skip="0">Positive</stat>
</tag>
<suite>
<stat pass="1" fail="0" skip="0" id="s1" name="Demo">Demo</stat>
</suite>
</statistics>
<errors>
</errors>
</robot>
