<?xml version="1.0" encoding="UTF-8"?>
<robot generator="Robot 4.1.2 (Python 3.10.0 on win32)" generated="20211118 08:39:32.492" rpa="false" schemaversion="2">
<suite id="s1" name="Suites">
<suite id="s1-s1" name="E2EForHRM" source="C:\Users\l\PycharmProjects\RobotFrameworkTraining\test\E2EForHRM.robot">
<kw name="Start Application" library="Utility" type="SETUP">
<kw name="Open Browser" library="SeleniumLibrary">
<arg>${url}</arg>
<arg>${browser}[0]</arg>
<arg>remote_url=${remoteURL}</arg>
<arg>desired_capabilities=browserName:${browserName}</arg>
<doc>Opens a new browser instance to the optional ``url``.</doc>
<msg timestamp="20211118 08:39:33.358" level="INFO">Opening browser 'chrome' to base url 'https://opensource-demo.orangehrmlive.com' through remote server at 'http://localhost:4444/wd/hub'.</msg>
<status status="PASS" starttime="20211118 08:39:33.354" endtime="20211118 08:40:04.305"/>
</kw>
<kw name="Maximize Browser Window" library="SeleniumLibrary">
<doc>Maximizes current browser window.</doc>
<status status="PASS" starttime="20211118 08:40:04.307" endtime="20211118 08:40:05.349"/>
</kw>
<status status="PASS" starttime="20211118 08:39:33.351" endtime="20211118 08:40:05.349"/>
</kw>
<test id="s1-s1-t1" name="Login">
<kw name="Login To Application" library="HomePage">
<arg>${adminUname}</arg>
<arg>${adminPass}</arg>
<kw name="Input Text" library="SeleniumLibrary">
<arg>id:txtUsername</arg>
<arg>${uname}</arg>
<doc>Types the given ``text`` into the text field identified by ``locator``.</doc>
<msg timestamp="20211118 08:40:05.362" level="INFO">Typing text 'admin' into text field 'id:txtUsername'.</msg>
<status status="PASS" starttime="20211118 08:40:05.360" endtime="20211118 08:40:05.993"/>
</kw>
<kw name="Input Text" library="SeleniumLibrary">
<arg>id:txtPassword</arg>
<arg>${pass}</arg>
<doc>Types the given ``text`` into the text field identified by ``locator``.</doc>
<msg timestamp="20211118 08:40:05.993" level="INFO">Typing text 'admin123' into text field 'id:txtPassword'.</msg>
<status status="PASS" starttime="20211118 08:40:05.993" endtime="20211118 08:40:06.676"/>
</kw>
<kw name="Click Button" library="SeleniumLibrary">
<arg>id:btnLogin</arg>
<doc>Clicks the button identified by ``locator``.</doc>
<msg timestamp="20211118 08:40:06.677" level="INFO">Clicking button 'id:btnLogin'.</msg>
<status status="PASS" starttime="20211118 08:40:06.677" endtime="20211118 08:40:10.967"/>
</kw>
<status status="PASS" starttime="20211118 08:40:05.353" endtime="20211118 08:40:10.968"/>
</kw>
<kw name="Verify URL" library="HomePage">
<arg>dashboard</arg>
<kw name="Get Location" library="SeleniumLibrary">
<var>${actualURL}</var>
<doc>Returns the current browser window URL.</doc>
<msg timestamp="20211118 08:40:11.082" level="INFO">${actualURL} = https://opensource-demo.orangehrmlive.com/index.php/dashboard</msg>
<status status="PASS" starttime="20211118 08:40:10.970" endtime="20211118 08:40:11.082"/>
</kw>
<kw name="Should Contain" library="BuiltIn">
<arg>${actualURL}</arg>
<arg>${expectedURL}</arg>
<doc>Fails if ``container`` does not contain ``item`` one or more times.</doc>
<status status="PASS" starttime="20211118 08:40:11.083" endtime="20211118 08:40:11.084"/>
</kw>
<status status="PASS" starttime="20211118 08:40:10.968" endtime="20211118 08:40:11.084"/>
</kw>
<status status="PASS" starttime="20211118 08:40:05.353" endtime="20211118 08:40:11.086"/>
</test>
<test id="s1-s1-t2" name="Search User For Application">
<kw name="Search User" library="Admin">
<arg>${newUserUname}</arg>
<kw name="Wait Until Element Is Enabled" library="SeleniumLibrary">
<arg>xpath://b[text()='Admin']</arg>
<arg>timeout=10</arg>
<doc>Waits until the element ``locator`` is enabled.</doc>
<status status="PASS" starttime="20211118 08:40:11.092" endtime="20211118 08:40:11.593"/>
</kw>
<kw name="Mouse Over" library="SeleniumLibrary">
<arg>xpath://b[text()='Admin']</arg>
<doc>Simulates hovering the mouse over the element ``locator``.</doc>
<msg timestamp="20211118 08:40:11.594" level="INFO">Simulating Mouse Over on element 'xpath://b[text()='Admin']'.</msg>
<status status="PASS" starttime="20211118 08:40:11.593" endtime="20211118 08:40:11.951"/>
</kw>
<kw name="Click Element" library="SeleniumLibrary">
<arg>xpath://b[text()='Admin']</arg>
<doc>Click the element identified by ``locator``.</doc>
<msg timestamp="20211118 08:40:11.952" level="INFO">Clicking element 'xpath://b[text()='Admin']'.</msg>
<status status="PASS" starttime="20211118 08:40:11.951" endtime="20211118 08:40:12.814"/>
</kw>
<kw name="Input Text" library="SeleniumLibrary">
<arg>id:searchSystemUser_userName</arg>
<arg>${searchUser}.</arg>
<doc>Types the given ``text`` into the text field identified by ``locator``.</doc>
<msg timestamp="20211118 08:40:12.815" level="INFO">Typing text 'Mukesh_1001.' into text field 'id:searchSystemUser_userName'.</msg>
<kw name="Capture Page Screenshot" library="SeleniumLibrary">
<doc>Takes a screenshot of the current page and embeds it into a log file.</doc>
<msg timestamp="20211118 08:40:13.332" level="INFO" html="true">&lt;/td&gt;&lt;/tr&gt;&lt;tr&gt;&lt;td colspan="3"&gt;&lt;a href="selenium-screenshot-1.png"&gt;&lt;img src="selenium-screenshot-1.png" width="800px"&gt;&lt;/a&gt;</msg>
<status status="PASS" starttime="20211118 08:40:12.862" endtime="20211118 08:40:13.332"/>
</kw>
<msg timestamp="20211118 08:40:13.341" level="FAIL">Element with locator 'id:searchSystemUser_userName' not found.</msg>
<status status="FAIL" starttime="20211118 08:40:12.814" endtime="20211118 08:40:13.341"/>
</kw>
<kw name="Click Element" library="SeleniumLibrary">
<arg>id:searchBtn</arg>
<doc>Click the element identified by ``locator``.</doc>
<status status="NOT RUN" starttime="20211118 08:40:13.341" endtime="20211118 08:40:13.341"/>
</kw>
<status status="FAIL" starttime="20211118 08:40:11.091" endtime="20211118 08:40:13.341"/>
</kw>
<kw name="Page Should Not Contain" library="SeleniumLibrary">
<arg>${newUserUname}</arg>
<doc>Verifies the current page does not contain ``text``.</doc>
<status status="NOT RUN" starttime="20211118 08:40:13.341" endtime="20211118 08:40:13.341"/>
</kw>
<status status="FAIL" starttime="20211118 08:40:11.087" endtime="20211118 08:40:13.341">Element with locator 'id:searchSystemUser_userName' not found.</status>
</test>
<test id="s1-s1-t3" name="Create New User For Application">
<kw name="Create User" library="Admin">
<arg>${newUserUname}</arg>
<arg>${newPassword}</arg>
<kw name="Click Element" library="SeleniumLibrary">
<arg>id:btnAdd</arg>
<doc>Click the element identified by ``locator``.</doc>
<msg timestamp="20211118 08:40:13.349" level="INFO">Clicking element 'id:btnAdd'.</msg>
<kw name="Capture Page Screenshot" library="SeleniumLibrary">
<doc>Takes a screenshot of the current page and embeds it into a log file.</doc>
<msg timestamp="20211118 08:40:13.802" level="INFO" html="true">&lt;/td&gt;&lt;/tr&gt;&lt;tr&gt;&lt;td colspan="3"&gt;&lt;a href="selenium-screenshot-2.png"&gt;&lt;img src="selenium-screenshot-2.png" width="800px"&gt;&lt;/a&gt;</msg>
<status status="PASS" starttime="20211118 08:40:13.443" endtime="20211118 08:40:13.802"/>
</kw>
<msg timestamp="20211118 08:40:13.804" level="FAIL">Element with locator 'id:btnAdd' not found.</msg>
<status status="FAIL" starttime="20211118 08:40:13.349" endtime="20211118 08:40:13.805"/>
</kw>
<kw name="Select From List By Label" library="SeleniumLibrary">
<arg>name:systemUser[userType]</arg>
<arg>Admin</arg>
<doc>Selects options from selection list ``locator`` by ``labels``.</doc>
<status status="NOT RUN" starttime="20211118 08:40:13.805" endtime="20211118 08:40:13.806"/>
</kw>
<kw name="Input Text" library="SeleniumLibrary">
<arg>id:systemUser_employeeName_empName</arg>
<arg>John Smith</arg>
<doc>Types the given ``text`` into the text field identified by ``locator``.</doc>
<status status="NOT RUN" starttime="20211118 08:40:13.806" endtime="20211118 08:40:13.807"/>
</kw>
<kw name="Input Text" library="SeleniumLibrary">
<arg>id:systemUser_userName</arg>
<arg>${newUser}</arg>
<doc>Types the given ``text`` into the text field identified by ``locator``.</doc>
<status status="NOT RUN" starttime="20211118 08:40:13.807" endtime="20211118 08:40:13.807"/>
</kw>
<kw name="Input Text" library="SeleniumLibrary">
<arg>id:systemUser_password</arg>
<arg>${newPass}</arg>
<doc>Types the given ``text`` into the text field identified by ``locator``.</doc>
<status status="NOT RUN" starttime="20211118 08:40:13.808" endtime="20211118 08:40:13.808"/>
</kw>
<kw name="Input Text" library="SeleniumLibrary">
<arg>id:systemUser_confirmPassword</arg>
<arg>${newPass}</arg>
<doc>Types the given ``text`` into the text field identified by ``locator``.</doc>
<status status="NOT RUN" starttime="20211118 08:40:13.808" endtime="20211118 08:40:13.809"/>
</kw>
<kw name="Sleep" library="BuiltIn">
<arg>2s</arg>
<doc>Pauses the test executed for the given time.</doc>
<status status="NOT RUN" starttime="20211118 08:40:13.809" endtime="20211118 08:40:13.812"/>
</kw>
<kw name="Click Element" library="SeleniumLibrary">
<arg>id:btnSave</arg>
<doc>Click the element identified by ``locator``.</doc>
<status status="NOT RUN" starttime="20211118 08:40:13.812" endtime="20211118 08:40:13.812"/>
</kw>
<kw name="Wait Until Element Contains" library="SeleniumLibrary">
<arg>xpath://div[@class='message success fadable']</arg>
<arg>Successfully</arg>
<arg>timeout=15</arg>
<doc>Waits until the element ``locator`` contains ``text``.</doc>
<status status="NOT RUN" starttime="20211118 08:40:13.812" endtime="20211118 08:40:13.812"/>
</kw>
<status status="FAIL" starttime="20211118 08:40:13.341" endtime="20211118 08:40:13.817"/>
</kw>
<kw name="Page Should Contain" library="SeleniumLibrary">
<arg>${newUserUname}</arg>
<doc>Verifies that current page contains ``text``.</doc>
<status status="NOT RUN" starttime="20211118 08:40:13.818" endtime="20211118 08:40:13.818"/>
</kw>
<status status="FAIL" starttime="20211118 08:40:13.341" endtime="20211118 08:40:13.819">Element with locator 'id:btnAdd' not found.</status>
</test>
<test id="s1-s1-t4" name="Logout From Application">
<kw name="Logout From Application" library="Dashboard">
<kw name="Click Element" library="SeleniumLibrary">
<arg>xpath://a[@id="welcome"]</arg>
<doc>Click the element identified by ``locator``.</doc>
<msg timestamp="20211118 08:40:13.823" level="INFO">Clicking element 'xpath://a[@id="welcome"]'.</msg>
<status status="PASS" starttime="20211118 08:40:13.822" endtime="20211118 08:40:14.170"/>
</kw>
<kw name="Wait Until Element Is Visible" library="SeleniumLibrary">
<arg>xpath://a[text()='Logout']</arg>
<doc>Waits until the element ``locator`` is visible.</doc>
<status status="PASS" starttime="20211118 08:40:14.171" endtime="20211118 08:40:14.541"/>
</kw>
<kw name="Click Element" library="SeleniumLibrary">
<arg>xpath://a[text()='Logout']</arg>
<doc>Click the element identified by ``locator``.</doc>
<msg timestamp="20211118 08:40:14.541" level="INFO">Clicking element 'xpath://a[text()='Logout']'.</msg>
<status status="PASS" starttime="20211118 08:40:14.541" endtime="20211118 08:40:15.973"/>
</kw>
<status status="PASS" starttime="20211118 08:40:13.820" endtime="20211118 08:40:15.974"/>
</kw>
<status status="PASS" starttime="20211118 08:40:13.819" endtime="20211118 08:40:15.974"/>
</test>
<test id="s1-s1-t5" name="Login With New User">
<kw name="Login To Application" library="HomePage">
<arg>${newUserUname}</arg>
<arg>${newPassword}</arg>
<kw name="Input Text" library="SeleniumLibrary">
<arg>id:txtUsername</arg>
<arg>${uname}</arg>
<doc>Types the given ``text`` into the text field identified by ``locator``.</doc>
<msg timestamp="20211118 08:40:15.979" level="INFO">Typing text 'Mukesh_1001' into text field 'id:txtUsername'.</msg>
<status status="PASS" starttime="20211118 08:40:15.978" endtime="20211118 08:40:16.241"/>
</kw>
<kw name="Input Text" library="SeleniumLibrary">
<arg>id:txtPassword</arg>
<arg>${pass}</arg>
<doc>Types the given ``text`` into the text field identified by ``locator``.</doc>
<msg timestamp="20211118 08:40:16.242" level="INFO">Typing text 'Abcd@1234' into text field 'id:txtPassword'.</msg>
<status status="PASS" starttime="20211118 08:40:16.242" endtime="20211118 08:40:16.512"/>
</kw>
<kw name="Click Button" library="SeleniumLibrary">
<arg>id:btnLogin</arg>
<doc>Clicks the button identified by ``locator``.</doc>
<msg timestamp="20211118 08:40:16.514" level="INFO">Clicking button 'id:btnLogin'.</msg>
<status status="PASS" starttime="20211118 08:40:16.513" endtime="20211118 08:40:18.409"/>
</kw>
<status status="PASS" starttime="20211118 08:40:15.976" endtime="20211118 08:40:18.411"/>
</kw>
<kw name="Verify URL" library="HomePage">
<arg>dashboard</arg>
<kw name="Get Location" library="SeleniumLibrary">
<var>${actualURL}</var>
<doc>Returns the current browser window URL.</doc>
<msg timestamp="20211118 08:40:18.516" level="INFO">${actualURL} = https://opensource-demo.orangehrmlive.com/index.php/dashboard</msg>
<status status="PASS" starttime="20211118 08:40:18.413" endtime="20211118 08:40:18.516"/>
</kw>
<kw name="Should Contain" library="BuiltIn">
<arg>${actualURL}</arg>
<arg>${expectedURL}</arg>
<doc>Fails if ``container`` does not contain ``item`` one or more times.</doc>
<status status="PASS" starttime="20211118 08:40:18.516" endtime="20211118 08:40:18.517"/>
</kw>
<status status="PASS" starttime="20211118 08:40:18.412" endtime="20211118 08:40:18.517"/>
</kw>
<kw name="Logout From Application" library="Dashboard">
<kw name="Click Element" library="SeleniumLibrary">
<arg>xpath://a[@id="welcome"]</arg>
<doc>Click the element identified by ``locator``.</doc>
<msg timestamp="20211118 08:40:18.518" level="INFO">Clicking element 'xpath://a[@id="welcome"]'.</msg>
<status status="PASS" starttime="20211118 08:40:18.518" endtime="20211118 08:40:19.044"/>
</kw>
<kw name="Wait Until Element Is Visible" library="SeleniumLibrary">
<arg>xpath://a[text()='Logout']</arg>
<doc>Waits until the element ``locator`` is visible.</doc>
<status status="PASS" starttime="20211118 08:40:19.044" endtime="20211118 08:40:19.340"/>
</kw>
<kw name="Click Element" library="SeleniumLibrary">
<arg>xpath://a[text()='Logout']</arg>
<doc>Click the element identified by ``locator``.</doc>
<msg timestamp="20211118 08:40:19.341" level="INFO">Clicking element 'xpath://a[text()='Logout']'.</msg>
<status status="PASS" starttime="20211118 08:40:19.340" endtime="20211118 08:40:22.065"/>
</kw>
<status status="PASS" starttime="20211118 08:40:18.518" endtime="20211118 08:40:22.065"/>
</kw>
<kw name="Location Should Contain" library="SeleniumLibrary">
<arg>login</arg>
<doc>Verifies that the current URL contains ``expected``.</doc>
<msg timestamp="20211118 08:40:22.118" level="INFO">Current location contains 'login'.</msg>
<status status="PASS" starttime="20211118 08:40:22.066" endtime="20211118 08:40:22.118"/>
</kw>
<status status="PASS" starttime="20211118 08:40:15.975" endtime="20211118 08:40:22.121"/>
</test>
<kw name="Close Application" library="Utility" type="TEARDOWN">
<kw name="Close Browser" library="SeleniumLibrary">
<doc>Closes the current browser.</doc>
<status status="PASS" starttime="20211118 08:40:22.126" endtime="20211118 08:40:24.095"/>
</kw>
<status status="PASS" starttime="20211118 08:40:22.125" endtime="20211118 08:40:24.096"/>
</kw>
<status status="FAIL" starttime="20211118 08:39:32.683" endtime="20211118 08:40:24.097"/>
</suite>
<status status="FAIL" starttime="20211118 08:39:32.525" endtime="20211118 08:40:24.102"/>
</suite>
<statistics>
<total>
<stat pass="3" fail="2" skip="0">All Tests</stat>
</total>
<tag>
</tag>
<suite>
<stat pass="3" fail="2" skip="0" id="s1" name="Suites">Suites</stat>
<stat pass="3" fail="2" skip="0" id="s1-s1" name="E2EForHRM">Suites.E2EForHRM</stat>
</suite>
</statistics>
<errors>
</errors>
</robot>
