<?xml version="1.0" encoding="UTF-8"?>
<robot generator="Robot 4.1.2 (Python 3.10.0 on win32)" generated="20211117 00:34:31.471" rpa="false" schemaversion="2">
<suite id="s1" name="Assertions.robot" source="C:\Users\l\PycharmProjects\RobotFrameworkTraining\Day2\Hello.robot">
<test id="s1-t1" name="TC1">
<kw name="Log To Console" library="BuiltIn">
<arg>Hello</arg>
<doc>Logs the given message to the console.</doc>
<status status="PASS" starttime="20211117 00:34:31.502" endtime="20211117 00:34:31.502"/>
</kw>
<tag>Positive</tag>
<status status="PASS" starttime="20211117 00:34:31.502" endtime="20211117 00:34:31.502"/>
</test>
<status status="PASS" starttime="20211117 00:34:31.471" endtime="20211117 00:34:31.518"/>
</suite>
<statistics>
<total>
<stat pass="1" fail="0" skip="0">All Tests</stat>
</total>
<tag>
<stat pass="1" fail="0" skip="0">Positive</stat>
</tag>
<suite>
<stat pass="1" fail="0" skip="0" id="s1" name="Assertions.robot">Assertions.robot</stat>
</suite>
</statistics>
<errors>
</errors>
</robot>
